<?xml version="1.0" encoding="UTF-8"?>
<!-- Generated by org.testng.reporters.JUnitReportReporter -->
<testsuite skipped="0" hostname="PUNE5CG84507HS" name="com.seleniumcpsatchallenge.qa.problemstatements.ProblemStatementMeriPustakTest" tests="4" failures="0" timestamp="18 Oct 2019 04:50:41 GMT" time="46.682" errors="0">
  <testcase name="logoForMeriPustakTest" time="6.941" classname="com.seleniumcpsatchallenge.qa.problemstatements.ProblemStatementMeriPustakTest"/>
  <testcase name="twitterHrefTest" time="13.510" classname="com.seleniumcpsatchallenge.qa.problemstatements.ProblemStatementMeriPustakTest"/>
  <testcase name="clickAndVerifyCartMessageTest" time="10.144" classname="com.seleniumcpsatchallenge.qa.problemstatements.ProblemStatementMeriPustakTest"/>
  <testcase name="addJavaBookAndVerifyCardMessageTest" time="16.087" classname="com.seleniumcpsatchallenge.qa.problemstatements.ProblemStatementMeriPustakTest"/>
</testsuite> <!-- com.seleniumcpsatchallenge.qa.problemstatements.ProblemStatementMeriPustakTest -->
