<?xml version="1.0" encoding="UTF-8"?>
<!-- Generated by org.testng.reporters.JUnitReportReporter -->
<testsuite skipped="0" hostname="PUNE5CG84507HS" name="com.seleniumcpsatchallenge.qa.problemstatements.ProblemStatementWoodlandWorldWide" tests="3" failures="0" timestamp="20 Oct 2019 08:08:10 GMT" time="51.251" errors="0">
  <testcase name="SearchProductTest" time="16.757" classname="com.seleniumcpsatchallenge.qa.problemstatements.ProblemStatementWoodlandWorldWide"/>
  <testcase name="SearchProductTest" time="16.019" classname="com.seleniumcpsatchallenge.qa.problemstatements.ProblemStatementWoodlandWorldWide"/>
  <testcase name="SearchProductTest" time="18.475" classname="com.seleniumcpsatchallenge.qa.problemstatements.ProblemStatementWoodlandWorldWide"/>
</testsuite> <!-- com.seleniumcpsatchallenge.qa.problemstatements.ProblemStatementWoodlandWorldWide -->
